2022-08-26 10:25:11,484 INFO org.springframework.boot.StartupInfoLogger [restartedMain] Starting MypaymentapiApplication using Java 11.0.13 on CNLDLF0130 with PID 28716 (C:\Users\rsubramanian\temp-del\catapult2\mypaymentapi\target\classes started by RSUBRAMANIAN in C:\Users\rsubramanian\temp-del\catapult2\mypaymentapi)
2022-08-26 10:25:11,487 INFO org.springframework.boot.SpringApplication [restartedMain] No active profile set, falling back to 1 default profile: "default"
2022-08-26 10:25:14,998 INFO org.springframework.boot.StartupInfoLogger [restartedMain] Started MypaymentapiApplication in 3.965 seconds (JVM running for 4.44)
2022-08-26 10:27:23,832 INFO org.springframework.boot.StartupInfoLogger [restartedMain] Starting MypaymentapiApplication using Java 11.0.13 on CNLDLF0130 with PID 28716 (C:\Users\rsubramanian\temp-del\catapult2\mypaymentapi\target\classes started by RSUBRAMANIAN in C:\Users\rsubramanian\temp-del\catapult2\mypaymentapi)
2022-08-26 10:27:23,833 INFO org.springframework.boot.SpringApplication [restartedMain] No active profile set, falling back to 1 default profile: "default"
2022-08-26 10:27:25,618 INFO org.springframework.boot.StartupInfoLogger [restartedMain] Started MypaymentapiApplication in 1.843 seconds (JVM running for 135.061)
2022-08-26 10:29:20,021 INFO org.springframework.boot.StartupInfoLogger [restartedMain] Starting MypaymentapiApplication using Java 11.0.13 on CNLDLF0130 with PID 28716 (C:\Users\rsubramanian\temp-del\catapult2\mypaymentapi\target\classes started by RSUBRAMANIAN in C:\Users\rsubramanian\temp-del\catapult2\mypaymentapi)
2022-08-26 10:29:20,021 INFO org.springframework.boot.SpringApplication [restartedMain] No active profile set, falling back to 1 default profile: "default"
2022-08-26 10:29:21,709 INFO org.springframework.boot.StartupInfoLogger [restartedMain] Started MypaymentapiApplication in 1.722 seconds (JVM running for 251.151)
2022-08-26 10:31:55,136 INFO org.springframework.boot.StartupInfoLogger [restartedMain] Starting MypaymentapiApplication using Java 11.0.13 on CNLDLF0130 with PID 28716 (C:\Users\rsubramanian\temp-del\catapult2\mypaymentapi\target\classes started by RSUBRAMANIAN in C:\Users\rsubramanian\temp-del\catapult2\mypaymentapi)
2022-08-26 10:31:55,137 INFO org.springframework.boot.SpringApplication [restartedMain] No active profile set, falling back to 1 default profile: "default"
2022-08-26 10:31:56,782 INFO org.springframework.boot.StartupInfoLogger [restartedMain] Started MypaymentapiApplication in 1.675 seconds (JVM running for 406.222)
2022-08-26 10:31:59,152 WARN org.hibernate.engine.jdbc.spi.SqlExceptionHelper [http-nio-8080-exec-1] SQL Error: 1062, SQLState: 23000
2022-08-26 10:31:59,153 ERROR org.hibernate.engine.jdbc.spi.SqlExceptionHelper [http-nio-8080-exec-1] Duplicate entry 'mbasha@gmail.com' for key 'UK_53apr70l6f1evldp5dn3mx01t'
2022-08-26 10:31:59,166 INFO com.company.payment.api.mypaymentapi.api.GlobalExceptionController [http-nio-8080-exec-1] An INFO Message
2022-08-26 10:31:59,167 WARN com.company.payment.api.mypaymentapi.api.GlobalExceptionController [http-nio-8080-exec-1] A WARN Message
2022-08-26 10:31:59,167 ERROR com.company.payment.api.mypaymentapi.api.GlobalExceptionController [http-nio-8080-exec-1] An ERROR Message
2022-08-26 10:31:59,170 ERROR com.company.payment.api.mypaymentapi.api.GlobalExceptionController [http-nio-8080-exec-1] could not execute statement; SQL [n/a]; constraint [UK_53apr70l6f1evldp5dn3mx01t]; nested exception is org.hibernate.exception.ConstraintViolationException: could not execute statement
org.springframework.dao.DataIntegrityViolationException: could not execute statement; SQL [n/a]; constraint [UK_53apr70l6f1evldp5dn3mx01t]; nested exception is org.hibernate.exception.ConstraintViolationException: could not execute statement
	at org.springframework.orm.hibernate5.SessionFactoryUtils.convertHibernateAccessException(SessionFactoryUtils.java:212)
	at org.springframework.orm.hibernate5.HibernateTransactionManager.convertHibernateAccessException(HibernateTransactionManager.java:785)
	at org.springframework.orm.hibernate5.HibernateTransactionManager.doCommit(HibernateTransactionManager.java:655)
	at org.springframework.transaction.support.AbstractPlatformTransactionManager.processCommit(AbstractPlatformTransactionManager.java:743)
	at org.springframework.transaction.support.AbstractPlatformTransactionManager.commit(AbstractPlatformTransactionManager.java:711)
	at org.springframework.transaction.interceptor.TransactionAspectSupport.commitTransactionAfterReturning(TransactionAspectSupport.java:654)
	at org.springframework.transaction.interceptor.TransactionAspectSupport.invokeWithinTransaction(TransactionAspectSupport.java:407)
	at org.springframework.transaction.interceptor.TransactionInterceptor.invoke(TransactionInterceptor.java:119)
	at org.springframework.aop.framework.ReflectiveMethodInvocation.proceed(ReflectiveMethodInvocation.java:186)
	at org.springframework.aop.framework.CglibAopProxy$CglibMethodInvocation.proceed(CglibAopProxy.java:763)
	at org.springframework.aop.framework.CglibAopProxy$DynamicAdvisedInterceptor.intercept(CglibAopProxy.java:708)
	at com.company.payment.api.mypaymentapi.service.CustomerManagerImpl$$EnhancerBySpringCGLIB$$d6eb2cf7.save(<generated>)
	at com.company.payment.api.mypaymentapi.api.CustomerController.saveCustomer(CustomerController.java:32)
	at java.base/jdk.internal.reflect.NativeMethodAccessorImpl.invoke0(Native Method)
	at java.base/jdk.internal.reflect.NativeMethodAccessorImpl.invoke(NativeMethodAccessorImpl.java:62)
	at java.base/jdk.internal.reflect.DelegatingMethodAccessorImpl.invoke(DelegatingMethodAccessorImpl.java:43)
	at java.base/java.lang.reflect.Method.invoke(Method.java:566)
	at org.springframework.web.method.support.InvocableHandlerMethod.doInvoke(InvocableHandlerMethod.java:205)
	at org.springframework.web.method.support.InvocableHandlerMethod.invokeForRequest(InvocableHandlerMethod.java:150)
	at org.springframework.web.servlet.mvc.method.annotation.ServletInvocableHandlerMethod.invokeAndHandle(ServletInvocableHandlerMethod.java:117)
	at org.springframework.web.servlet.mvc.method.annotation.RequestMappingHandlerAdapter.invokeHandlerMethod(RequestMappingHandlerAdapter.java:895)
	at org.springframework.web.servlet.mvc.method.annotation.RequestMappingHandlerAdapter.handleInternal(RequestMappingHandlerAdapter.java:808)
	at org.springframework.web.servlet.mvc.method.AbstractHandlerMethodAdapter.handle(AbstractHandlerMethodAdapter.java:87)
	at org.springframework.web.servlet.DispatcherServlet.doDispatch(DispatcherServlet.java:1070)
	at org.springframework.web.servlet.DispatcherServlet.doService(DispatcherServlet.java:963)
	at org.springframework.web.servlet.FrameworkServlet.processRequest(FrameworkServlet.java:1006)
	at org.springframework.web.servlet.FrameworkServlet.doPost(FrameworkServlet.java:909)
	at javax.servlet.http.HttpServlet.service(HttpServlet.java:681)
	at org.springframework.web.servlet.FrameworkServlet.service(FrameworkServlet.java:883)
	at javax.servlet.http.HttpServlet.service(HttpServlet.java:764)
	at org.apache.catalina.core.ApplicationFilterChain.internalDoFilter(ApplicationFilterChain.java:227)
	at org.apache.catalina.core.ApplicationFilterChain.doFilter(ApplicationFilterChain.java:162)
	at org.apache.tomcat.websocket.server.WsFilter.doFilter(WsFilter.java:53)
	at org.apache.catalina.core.ApplicationFilterChain.internalDoFilter(ApplicationFilterChain.java:189)
	at org.apache.catalina.core.ApplicationFilterChain.doFilter(ApplicationFilterChain.java:162)
	at org.springframework.web.filter.RequestContextFilter.doFilterInternal(RequestContextFilter.java:100)
	at org.springframework.web.filter.OncePerRequestFilter.doFilter(OncePerRequestFilter.java:117)
	at org.apache.catalina.core.ApplicationFilterChain.internalDoFilter(ApplicationFilterChain.java:189)
	at org.apache.catalina.core.ApplicationFilterChain.doFilter(ApplicationFilterChain.java:162)
	at org.springframework.web.filter.FormContentFilter.doFilterInternal(FormContentFilter.java:93)
	at org.springframework.web.filter.OncePerRequestFilter.doFilter(OncePerRequestFilter.java:117)
	at org.apache.catalina.core.ApplicationFilterChain.internalDoFilter(ApplicationFilterChain.java:189)
	at org.apache.catalina.core.ApplicationFilterChain.doFilter(ApplicationFilterChain.java:162)
	at org.springframework.web.filter.CharacterEncodingFilter.doFilterInternal(CharacterEncodingFilter.java:201)
	at org.springframework.web.filter.OncePerRequestFilter.doFilter(OncePerRequestFilter.java:117)
	at org.apache.catalina.core.ApplicationFilterChain.internalDoFilter(ApplicationFilterChain.java:189)
	at org.apache.catalina.core.ApplicationFilterChain.doFilter(ApplicationFilterChain.java:162)
	at org.apache.catalina.core.StandardWrapperValve.invoke(StandardWrapperValve.java:197)
	at org.apache.catalina.core.StandardContextValve.invoke(StandardContextValve.java:97)
	at org.apache.catalina.authenticator.AuthenticatorBase.invoke(AuthenticatorBase.java:541)
	at org.apache.catalina.core.StandardHostValve.invoke(StandardHostValve.java:135)
	at org.apache.catalina.valves.ErrorReportValve.invoke(ErrorReportValve.java:92)
	at org.apache.catalina.core.StandardEngineValve.invoke(StandardEngineValve.java:78)
	at org.apache.catalina.connector.CoyoteAdapter.service(CoyoteAdapter.java:360)
	at org.apache.coyote.http11.Http11Processor.service(Http11Processor.java:399)
	at org.apache.coyote.AbstractProcessorLight.process(AbstractProcessorLight.java:65)
	at org.apache.coyote.AbstractProtocol$ConnectionHandler.process(AbstractProtocol.java:890)
	at org.apache.tomcat.util.net.NioEndpoint$SocketProcessor.doRun(NioEndpoint.java:1789)
	at org.apache.tomcat.util.net.SocketProcessorBase.run(SocketProcessorBase.java:49)
	at org.apache.tomcat.util.threads.ThreadPoolExecutor.runWorker(ThreadPoolExecutor.java:1191)
	at org.apache.tomcat.util.threads.ThreadPoolExecutor$Worker.run(ThreadPoolExecutor.java:659)
	at org.apache.tomcat.util.threads.TaskThread$WrappingRunnable.run(TaskThread.java:61)
	at java.base/java.lang.Thread.run(Thread.java:829)
Caused by: org.hibernate.exception.ConstraintViolationException: could not execute statement
	at org.hibernate.exception.internal.SQLExceptionTypeDelegate.convert(SQLExceptionTypeDelegate.java:59)
	at org.hibernate.exception.internal.StandardSQLExceptionConverter.convert(StandardSQLExceptionConverter.java:37)
	at org.hibernate.engine.jdbc.spi.SqlExceptionHelper.convert(SqlExceptionHelper.java:113)
	at org.hibernate.engine.jdbc.spi.SqlExceptionHelper.convert(SqlExceptionHelper.java:99)
	at org.hibernate.engine.jdbc.internal.ResultSetReturnImpl.executeUpdate(ResultSetReturnImpl.java:200)
	at org.hibernate.engine.jdbc.batch.internal.NonBatchingBatch.addToBatch(NonBatchingBatch.java:46)
	at org.hibernate.persister.entity.AbstractEntityPersister.insert(AbstractEntityPersister.java:3375)
	at org.hibernate.persister.entity.AbstractEntityPersister.insert(AbstractEntityPersister.java:3908)
	at org.hibernate.action.internal.EntityInsertAction.execute(EntityInsertAction.java:107)
	at org.hibernate.engine.spi.ActionQueue.executeActions(ActionQueue.java:604)
	at org.hibernate.engine.spi.ActionQueue.lambda$executeActions$1(ActionQueue.java:478)
	at java.base/java.util.LinkedHashMap.forEach(LinkedHashMap.java:684)
	at org.hibernate.engine.spi.ActionQueue.executeActions(ActionQueue.java:475)
	at org.hibernate.event.internal.AbstractFlushingEventListener.performExecutions(AbstractFlushingEventListener.java:344)
	at org.hibernate.event.internal.DefaultFlushEventListener.onFlush(DefaultFlushEventListener.java:40)
	at org.hibernate.event.service.internal.EventListenerGroupImpl.fireEventOnEachListener(EventListenerGroupImpl.java:107)
	at org.hibernate.internal.SessionImpl.doFlush(SessionImpl.java:1407)
	at org.hibernate.internal.SessionImpl.managedFlush(SessionImpl.java:489)
	at org.hibernate.internal.SessionImpl.flushBeforeTransactionCompletion(SessionImpl.java:3290)
	at org.hibernate.internal.SessionImpl.beforeTransactionCompletion(SessionImpl.java:2425)
	at org.hibernate.engine.jdbc.internal.JdbcCoordinatorImpl.beforeTransactionCompletion(JdbcCoordinatorImpl.java:449)
	at org.hibernate.resource.transaction.backend.jdbc.internal.JdbcResourceLocalTransactionCoordinatorImpl.beforeCompletionCallback(JdbcResourceLocalTransactionCoordinatorImpl.java:183)
	at org.hibernate.resource.transaction.backend.jdbc.internal.JdbcResourceLocalTransactionCoordinatorImpl.access$300(JdbcResourceLocalTransactionCoordinatorImpl.java:40)
	at org.hibernate.resource.transaction.backend.jdbc.internal.JdbcResourceLocalTransactionCoordinatorImpl$TransactionDriverControlImpl.commit(JdbcResourceLocalTransactionCoordinatorImpl.java:281)
	at org.hibernate.engine.transaction.internal.TransactionImpl.commit(TransactionImpl.java:101)
	at org.springframework.orm.hibernate5.HibernateTransactionManager.doCommit(HibernateTransactionManager.java:643)
	... 60 common frames omitted
Caused by: java.sql.SQLIntegrityConstraintViolationException: Duplicate entry 'mbasha@gmail.com' for key 'UK_53apr70l6f1evldp5dn3mx01t'
	at com.mysql.cj.jdbc.exceptions.SQLError.createSQLException(SQLError.java:117)
	at com.mysql.cj.jdbc.exceptions.SQLExceptionsMapping.translateException(SQLExceptionsMapping.java:122)
	at com.mysql.cj.jdbc.ClientPreparedStatement.executeInternal(ClientPreparedStatement.java:916)
	at com.mysql.cj.jdbc.ClientPreparedStatement.executeUpdateInternal(ClientPreparedStatement.java:1061)
	at com.mysql.cj.jdbc.ClientPreparedStatement.executeUpdateInternal(ClientPreparedStatement.java:1009)
	at com.mysql.cj.jdbc.ClientPreparedStatement.executeLargeUpdate(ClientPreparedStatement.java:1320)
	at com.mysql.cj.jdbc.ClientPreparedStatement.executeUpdate(ClientPreparedStatement.java:994)
	at org.hibernate.engine.jdbc.internal.ResultSetReturnImpl.executeUpdate(ResultSetReturnImpl.java:197)
	... 81 common frames omitted
2022-08-26 10:31:59,176 WARN org.springframework.web.servlet.handler.AbstractHandlerExceptionResolver [http-nio-8080-exec-1] Resolved [org.springframework.dao.DataIntegrityViolationException: could not execute statement; SQL [n/a]; constraint [UK_53apr70l6f1evldp5dn3mx01t]; nested exception is org.hibernate.exception.ConstraintViolationException: could not execute statement]
2022-08-26 10:34:57,291 INFO org.springframework.boot.StartupInfoLogger [restartedMain] Starting MypaymentapiApplication using Java 11.0.13 on CNLDLF0130 with PID 28716 (C:\Users\rsubramanian\temp-del\catapult2\mypaymentapi\target\classes started by RSUBRAMANIAN in C:\Users\rsubramanian\temp-del\catapult2\mypaymentapi)
2022-08-26 10:34:57,291 INFO org.springframework.boot.SpringApplication [restartedMain] No active profile set, falling back to 1 default profile: "default"
2022-08-26 10:34:58,220 INFO org.springframework.boot.StartupInfoLogger [restartedMain] Started MypaymentapiApplication in 0.952 seconds (JVM running for 587.66)
2022-08-26 10:41:42,333 INFO org.springframework.boot.StartupInfoLogger [restartedMain] Starting MypaymentapiApplication using Java 11.0.13 on CNLDLF0130 with PID 35440 (C:\Users\rsubramanian\temp-del\catapult2\mypaymentapi\target\classes started by RSUBRAMANIAN in C:\Users\rsubramanian\temp-del\catapult2\mypaymentapi)
2022-08-26 10:41:42,336 INFO org.springframework.boot.SpringApplication [restartedMain] No active profile set, falling back to 1 default profile: "default"
2022-08-26 10:41:45,633 WARN org.springframework.context.support.AbstractApplicationContext [restartedMain] Exception encountered during context initialization - cancelling refresh attempt: org.springframework.beans.factory.UnsatisfiedDependencyException: Error creating bean with name 'myCLIRunner': Unsatisfied dependency expressed through field 'addrRepo'; nested exception is org.springframework.beans.factory.NoSuchBeanDefinitionException: No qualifying bean of type 'com.company.payment.api.mypaymentapi.dao.AddressRepository' available: expected at least 1 bean which qualifies as autowire candidate. Dependency annotations: {@org.springframework.beans.factory.annotation.Autowired(required=true)}
2022-08-26 10:41:45,678 ERROR org.springframework.boot.diagnostics.LoggingFailureAnalysisReporter [restartedMain] 

***************************
APPLICATION FAILED TO START
***************************

Description:

Field addrRepo in com.company.payment.api.mypaymentapi.runner.MyCLIRunner required a bean of type 'com.company.payment.api.mypaymentapi.dao.AddressRepository' that could not be found.

The injection point has the following annotations:
	- @org.springframework.beans.factory.annotation.Autowired(required=true)


Action:

Consider defining a bean of type 'com.company.payment.api.mypaymentapi.dao.AddressRepository' in your configuration.

2022-08-26 10:42:16,265 INFO org.springframework.boot.StartupInfoLogger [restartedMain] Starting MypaymentapiApplication using Java 11.0.13 on CNLDLF0130 with PID 21632 (C:\Users\rsubramanian\temp-del\catapult2\mypaymentapi\target\classes started by RSUBRAMANIAN in C:\Users\rsubramanian\temp-del\catapult2\mypaymentapi)
2022-08-26 10:42:16,267 INFO org.springframework.boot.SpringApplication [restartedMain] No active profile set, falling back to 1 default profile: "default"
2022-08-26 10:42:20,346 INFO org.springframework.boot.StartupInfoLogger [restartedMain] Started MypaymentapiApplication in 4.575 seconds (JVM running for 5.166)
2022-08-26 10:42:20,396 ERROR org.springframework.boot.SpringApplication [restartedMain] Application run failed
java.lang.IllegalStateException: Failed to execute CommandLineRunner
	at org.springframework.boot.SpringApplication.callRunner(SpringApplication.java:774)
	at org.springframework.boot.SpringApplication.callRunners(SpringApplication.java:755)
	at org.springframework.boot.SpringApplication.run(SpringApplication.java:315)
	at org.springframework.boot.SpringApplication.run(SpringApplication.java:1306)
	at org.springframework.boot.SpringApplication.run(SpringApplication.java:1295)
	at com.company.payment.api.mypaymentapi.MypaymentapiApplication.main(MypaymentapiApplication.java:15)
	at java.base/jdk.internal.reflect.NativeMethodAccessorImpl.invoke0(Native Method)
	at java.base/jdk.internal.reflect.NativeMethodAccessorImpl.invoke(NativeMethodAccessorImpl.java:62)
	at java.base/jdk.internal.reflect.DelegatingMethodAccessorImpl.invoke(DelegatingMethodAccessorImpl.java:43)
	at java.base/java.lang.reflect.Method.invoke(Method.java:566)
	at org.springframework.boot.devtools.restart.RestartLauncher.run(RestartLauncher.java:49)
Caused by: org.springframework.orm.hibernate5.HibernateSystemException: Could not obtain transaction-synchronized Session for current thread; nested exception is org.hibernate.HibernateException: Could not obtain transaction-synchronized Session for current thread
	at org.springframework.orm.hibernate5.SessionFactoryUtils.convertHibernateAccessException(SessionFactoryUtils.java:267)
	at org.springframework.orm.hibernate5.HibernateExceptionTranslator.convertHibernateAccessException(HibernateExceptionTranslator.java:102)
	at org.springframework.orm.hibernate5.HibernateExceptionTranslator.translateExceptionIfPossible(HibernateExceptionTranslator.java:73)
	at org.springframework.dao.support.ChainedPersistenceExceptionTranslator.translateExceptionIfPossible(ChainedPersistenceExceptionTranslator.java:61)
	at org.springframework.dao.support.DataAccessUtils.translateIfNecessary(DataAccessUtils.java:242)
	at org.springframework.dao.support.PersistenceExceptionTranslationInterceptor.invoke(PersistenceExceptionTranslationInterceptor.java:152)
	at org.springframework.aop.framework.ReflectiveMethodInvocation.proceed(ReflectiveMethodInvocation.java:186)
	at org.springframework.aop.framework.CglibAopProxy$CglibMethodInvocation.proceed(CglibAopProxy.java:763)
	at org.springframework.aop.framework.CglibAopProxy$DynamicAdvisedInterceptor.intercept(CglibAopProxy.java:708)
	at com.company.payment.api.mypaymentapi.dao.AddressRepository$$EnhancerBySpringCGLIB$$d3aefba3.save(<generated>)
	at com.company.payment.api.mypaymentapi.runner.MyCLIRunner.run(MyCLIRunner.java:29)
	at org.springframework.boot.SpringApplication.callRunner(SpringApplication.java:771)
	... 10 common frames omitted
Caused by: org.hibernate.HibernateException: Could not obtain transaction-synchronized Session for current thread
	at org.springframework.orm.hibernate5.SpringSessionContext.currentSession(SpringSessionContext.java:142)
	at org.hibernate.internal.SessionFactoryImpl.getCurrentSession(SessionFactoryImpl.java:508)
	at com.company.payment.api.mypaymentapi.dao.AddressRepository.save(AddressRepository.java:17)
	at com.company.payment.api.mypaymentapi.dao.AddressRepository$$FastClassBySpringCGLIB$$23037e4e.invoke(<generated>)
	at org.springframework.cglib.proxy.MethodProxy.invoke(MethodProxy.java:218)
	at org.springframework.aop.framework.CglibAopProxy$CglibMethodInvocation.invokeJoinpoint(CglibAopProxy.java:793)
	at org.springframework.aop.framework.ReflectiveMethodInvocation.proceed(ReflectiveMethodInvocation.java:163)
	at org.springframework.aop.framework.CglibAopProxy$CglibMethodInvocation.proceed(CglibAopProxy.java:763)
	at org.springframework.dao.support.PersistenceExceptionTranslationInterceptor.invoke(PersistenceExceptionTranslationInterceptor.java:137)
	... 16 common frames omitted
2022-08-26 10:42:49,510 INFO org.springframework.boot.StartupInfoLogger [restartedMain] Starting MypaymentapiApplication using Java 11.0.13 on CNLDLF0130 with PID 30784 (C:\Users\rsubramanian\temp-del\catapult2\mypaymentapi\target\classes started by RSUBRAMANIAN in C:\Users\rsubramanian\temp-del\catapult2\mypaymentapi)
2022-08-26 10:42:49,513 INFO org.springframework.boot.SpringApplication [restartedMain] No active profile set, falling back to 1 default profile: "default"
2022-08-26 10:42:53,226 INFO org.springframework.boot.StartupInfoLogger [restartedMain] Started MypaymentapiApplication in 4.421 seconds (JVM running for 4.999)
2022-08-26 10:43:35,033 INFO org.springframework.boot.StartupInfoLogger [restartedMain] Starting MypaymentapiApplication using Java 11.0.13 on CNLDLF0130 with PID 29792 (C:\Users\rsubramanian\temp-del\catapult2\mypaymentapi\target\classes started by RSUBRAMANIAN in C:\Users\rsubramanian\temp-del\catapult2\mypaymentapi)
2022-08-26 10:43:35,034 INFO org.springframework.boot.SpringApplication [restartedMain] No active profile set, falling back to 1 default profile: "default"
2022-08-26 10:43:38,387 INFO org.springframework.boot.StartupInfoLogger [restartedMain] Started MypaymentapiApplication in 3.734 seconds (JVM running for 4.179)
